<?xml version="1.0" encoding="UTF-8"?>
<!-- Generated by org.testng.reporters.JUnitReportReporter -->
<testsuite skipped="0" hostname="DESKTOP-GK61F68" name="com.crm.autodesk.contacttest.CreateContact" tests="1" failures="0" timestamp="30 Jan 2021 06:01:44 GMT" time="67.279" errors="0">
  <testcase name="createContactWitORgTest" time="67.279" classname="com.crm.autodesk.contacttest.CreateContact"/>
</testsuite> <!-- com.crm.autodesk.contacttest.CreateContact -->
